<?xml version="1.0" encoding="UTF-8" ?>
<testsuite tests="5" failures="0" name="CalculadoraTest" time="0.011" errors="0" skipped="0">
  <properties>
[...]
</properties>
  <testcase classname="CalculadoraTest" name="CalculadoraTest.testDividir" time="0.007"/>
  <testcase classname="CalculadoraTest" name="CalculadoraTest.testSumar" time="0"/>
  <testcase classname="CalculadoraTest" name="CalculadoraTest.testRestar" time="0"/>
  <testcase classname="CalculadoraTest" name="CalculadoraTest.testDividirPorCero" time="0.004"/>
  <testcase classname="CalculadoraTest" name="CalculadoraTest.testMultiplicar" time="0"/>
</testsuite>